[0.467s] DEBUG:colcon:Command line arguments: ['/usr/bin/colcon', 'build']
[0.468s] DEBUG:colcon:Parsed command line arguments: Namespace(log_base=None, log_level=None, verb_name='build', build_base='build', install_base='install', merge_install=False, symlink_install=False, test_result_base=None, continue_on_error=False, executor='parallel', parallel_workers=2, event_handlers=None, ignore_user_meta=False, metas=['./colcon.meta'], base_paths=['.'], packages_ignore=None, packages_ignore_regex=None, paths=None, packages_up_to=None, packages_up_to_regex=None, packages_above=None, packages_above_and_dependencies=None, packages_above_depth=None, packages_select_by_dep=None, packages_skip_by_dep=None, packages_skip_up_to=None, packages_select_build_failed=False, packages_skip_build_finished=False, packages_select_test_failures=False, packages_skip_test_passed=False, packages_select=None, packages_skip=None, packages_select_regex=None, packages_skip_regex=None, packages_start=None, packages_end=None, allow_overriding=[], cmake_args=None, cmake_target=None, cmake_target_skip_unavailable=False, cmake_clean_cache=False, cmake_clean_first=False, cmake_force_configure=False, ament_cmake_args=None, catkin_cmake_args=None, catkin_skip_building_tests=False, verb_parser=<colcon_defaults.argument_parser.defaults.DefaultArgumentsDecorator object at 0x79eae1d39820>, verb_extension=<colcon_core.verb.build.BuildVerb object at 0x79eae1f0d610>, main=<bound method BuildVerb.main of <colcon_core.verb.build.BuildVerb object at 0x79eae1f0d610>>)
[0.621s] Level 1:colcon.colcon_core.package_discovery:discover_packages(colcon_meta) check parameters
[0.621s] Level 1:colcon.colcon_core.package_discovery:discover_packages(recursive) check parameters
[0.621s] Level 1:colcon.colcon_core.package_discovery:discover_packages(ignore) check parameters
[0.621s] Level 1:colcon.colcon_core.package_discovery:discover_packages(path) check parameters
[0.621s] Level 1:colcon.colcon_core.package_discovery:discover_packages(colcon_meta) discover
[0.622s] Level 1:colcon.colcon_core.package_discovery:discover_packages(recursive) discover
[0.622s] INFO:colcon.colcon_core.package_discovery:Crawling recursively for packages in '/home/albihan/ros2_web_monitoring/ros2_ws'
[0.622s] Level 1:colcon.colcon_core.package_identification:_identify(.) by extensions ['ignore', 'ignore_ament_install']
[0.622s] Level 1:colcon.colcon_core.package_identification:_identify(.) by extension 'ignore'
[0.623s] Level 1:colcon.colcon_core.package_identification:_identify(.) by extension 'ignore_ament_install'
[0.623s] Level 1:colcon.colcon_core.package_identification:_identify(.) by extensions ['colcon_pkg']
[0.623s] Level 1:colcon.colcon_core.package_identification:_identify(.) by extension 'colcon_pkg'
[0.623s] Level 1:colcon.colcon_core.package_identification:_identify(.) by extensions ['colcon_meta']
[0.623s] Level 1:colcon.colcon_core.package_identification:_identify(.) by extension 'colcon_meta'
[0.624s] Level 1:colcon.colcon_core.package_identification:_identify(.) by extensions ['ros']
[0.624s] Level 1:colcon.colcon_core.package_identification:_identify(.) by extension 'ros'
[0.719s] Level 1:colcon.colcon_core.package_identification:_identify(.) by extensions ['cmake', 'python']
[0.720s] Level 1:colcon.colcon_core.package_identification:_identify(.) by extension 'cmake'
[0.720s] Level 1:colcon.colcon_core.package_identification:_identify(.) by extension 'python'
[0.720s] Level 1:colcon.colcon_core.package_identification:_identify(.) by extensions ['python_setup_py']
[0.720s] Level 1:colcon.colcon_core.package_identification:_identify(.) by extension 'python_setup_py'
[0.721s] Level 1:colcon.colcon_core.package_identification:_identify(build) by extensions ['ignore', 'ignore_ament_install']
[0.721s] Level 1:colcon.colcon_core.package_identification:_identify(build) by extension 'ignore'
[0.721s] Level 1:colcon.colcon_core.package_identification:_identify(build) ignored
[0.722s] Level 1:colcon.colcon_core.package_identification:_identify(install) by extensions ['ignore', 'ignore_ament_install']
[0.722s] Level 1:colcon.colcon_core.package_identification:_identify(install) by extension 'ignore'
[0.722s] Level 1:colcon.colcon_core.package_identification:_identify(install) ignored
[0.723s] Level 1:colcon.colcon_core.package_identification:_identify(log) by extensions ['ignore', 'ignore_ament_install']
[0.723s] Level 1:colcon.colcon_core.package_identification:_identify(log) by extension 'ignore'
[0.723s] Level 1:colcon.colcon_core.package_identification:_identify(log) ignored
[0.723s] Level 1:colcon.colcon_core.package_identification:_identify(src) by extensions ['ignore', 'ignore_ament_install']
[0.724s] Level 1:colcon.colcon_core.package_identification:_identify(src) by extension 'ignore'
[0.724s] Level 1:colcon.colcon_core.package_identification:_identify(src) by extension 'ignore_ament_install'
[0.724s] Level 1:colcon.colcon_core.package_identification:_identify(src) by extensions ['colcon_pkg']
[0.724s] Level 1:colcon.colcon_core.package_identification:_identify(src) by extension 'colcon_pkg'
[0.724s] Level 1:colcon.colcon_core.package_identification:_identify(src) by extensions ['colcon_meta']
[0.724s] Level 1:colcon.colcon_core.package_identification:_identify(src) by extension 'colcon_meta'
[0.725s] Level 1:colcon.colcon_core.package_identification:_identify(src) by extensions ['ros']
[0.725s] Level 1:colcon.colcon_core.package_identification:_identify(src) by extension 'ros'
[0.725s] Level 1:colcon.colcon_core.package_identification:_identify(src) by extensions ['cmake', 'python']
[0.725s] Level 1:colcon.colcon_core.package_identification:_identify(src) by extension 'cmake'
[0.725s] Level 1:colcon.colcon_core.package_identification:_identify(src) by extension 'python'
[0.725s] Level 1:colcon.colcon_core.package_identification:_identify(src) by extensions ['python_setup_py']
[0.726s] Level 1:colcon.colcon_core.package_identification:_identify(src) by extension 'python_setup_py'
[0.726s] Level 1:colcon.colcon_core.package_identification:_identify(src/dashboard_bridge) by extensions ['ignore', 'ignore_ament_install']
[0.726s] Level 1:colcon.colcon_core.package_identification:_identify(src/dashboard_bridge) by extension 'ignore'
[0.726s] Level 1:colcon.colcon_core.package_identification:_identify(src/dashboard_bridge) by extension 'ignore_ament_install'
[0.727s] Level 1:colcon.colcon_core.package_identification:_identify(src/dashboard_bridge) by extensions ['colcon_pkg']
[0.727s] Level 1:colcon.colcon_core.package_identification:_identify(src/dashboard_bridge) by extension 'colcon_pkg'
[0.727s] Level 1:colcon.colcon_core.package_identification:_identify(src/dashboard_bridge) by extensions ['colcon_meta']
[0.727s] Level 1:colcon.colcon_core.package_identification:_identify(src/dashboard_bridge) by extension 'colcon_meta'
[0.727s] Level 1:colcon.colcon_core.package_identification:_identify(src/dashboard_bridge) by extensions ['ros']
[0.727s] Level 1:colcon.colcon_core.package_identification:_identify(src/dashboard_bridge) by extension 'ros'
[0.737s] DEBUG:colcon.colcon_core.package_identification:Package 'src/dashboard_bridge' with type 'ros.ament_python' and name 'dashboard_bridge'
[0.737s] Level 1:colcon.colcon_core.package_discovery:discover_packages(recursive) using defaults
[0.738s] Level 1:colcon.colcon_core.package_discovery:discover_packages(ignore) discover
[0.738s] Level 1:colcon.colcon_core.package_discovery:discover_packages(ignore) using defaults
[0.738s] Level 1:colcon.colcon_core.package_discovery:discover_packages(path) discover
[0.738s] Level 1:colcon.colcon_core.package_discovery:discover_packages(path) using defaults
[0.806s] Level 1:colcon.colcon_core.package_discovery:discover_packages(prefix_path) check parameters
[0.807s] Level 1:colcon.colcon_core.package_discovery:discover_packages(prefix_path) discover
[0.811s] WARNING:colcon.colcon_ros.prefix_path.ament:The path '/home/albihan/ros2_web_monitoring/ros2_ws/install/dashboard_bridge' in the environment variable AMENT_PREFIX_PATH doesn't exist
[0.813s] DEBUG:colcon.colcon_installed_package_information.package_discovery:Found 0 installed packages in /home/albihan/ros2_web_monitoring/ros2_ws/install
[0.819s] DEBUG:colcon.colcon_installed_package_information.package_discovery:Found 291 installed packages in /opt/ros/jazzy
[0.825s] Level 1:colcon.colcon_core.package_discovery:discover_packages(prefix_path) using defaults
[1.043s] Level 5:colcon.colcon_core.verb:set package 'dashboard_bridge' build argument 'cmake_args' from command line to 'None'
[1.043s] Level 5:colcon.colcon_core.verb:set package 'dashboard_bridge' build argument 'cmake_target' from command line to 'None'
[1.043s] Level 5:colcon.colcon_core.verb:set package 'dashboard_bridge' build argument 'cmake_target_skip_unavailable' from command line to 'False'
[1.043s] Level 5:colcon.colcon_core.verb:set package 'dashboard_bridge' build argument 'cmake_clean_cache' from command line to 'False'
[1.044s] Level 5:colcon.colcon_core.verb:set package 'dashboard_bridge' build argument 'cmake_clean_first' from command line to 'False'
[1.044s] Level 5:colcon.colcon_core.verb:set package 'dashboard_bridge' build argument 'cmake_force_configure' from command line to 'False'
[1.044s] Level 5:colcon.colcon_core.verb:set package 'dashboard_bridge' build argument 'ament_cmake_args' from command line to 'None'
[1.044s] Level 5:colcon.colcon_core.verb:set package 'dashboard_bridge' build argument 'catkin_cmake_args' from command line to 'None'
[1.044s] Level 5:colcon.colcon_core.verb:set package 'dashboard_bridge' build argument 'catkin_skip_building_tests' from command line to 'False'
[1.044s] DEBUG:colcon.colcon_core.verb:Building package 'dashboard_bridge' with the following arguments: {'ament_cmake_args': None, 'build_base': '/home/albihan/ros2_web_monitoring/ros2_ws/build/dashboard_bridge', 'catkin_cmake_args': None, 'catkin_skip_building_tests': False, 'cmake_args': None, 'cmake_clean_cache': False, 'cmake_clean_first': False, 'cmake_force_configure': False, 'cmake_target': None, 'cmake_target_skip_unavailable': False, 'install_base': '/home/albihan/ros2_web_monitoring/ros2_ws/install/dashboard_bridge', 'merge_install': False, 'path': '/home/albihan/ros2_web_monitoring/ros2_ws/src/dashboard_bridge', 'symlink_install': False, 'test_result_base': None}
[1.044s] INFO:colcon.colcon_core.executor:Executing jobs using 'parallel' executor
[1.049s] DEBUG:colcon.colcon_parallel_executor.executor.parallel:run_until_complete
[1.051s] INFO:colcon.colcon_ros.task.ament_python.build:Building ROS package in '/home/albihan/ros2_web_monitoring/ros2_ws/src/dashboard_bridge' with build type 'ament_python'
[1.052s] Level 1:colcon.colcon_core.shell:create_environment_hook('dashboard_bridge', 'ament_prefix_path')
[1.059s] INFO:colcon.colcon_core.plugin_system:Skipping extension 'colcon_core.shell.bat': Not used on non-Windows systems
[1.060s] INFO:colcon.colcon_core.shell:Creating environment hook '/home/albihan/ros2_web_monitoring/ros2_ws/install/dashboard_bridge/share/dashboard_bridge/hook/ament_prefix_path.ps1'
[1.062s] INFO:colcon.colcon_core.shell:Creating environment descriptor '/home/albihan/ros2_web_monitoring/ros2_ws/install/dashboard_bridge/share/dashboard_bridge/hook/ament_prefix_path.dsv'
[1.063s] INFO:colcon.colcon_core.shell:Creating environment hook '/home/albihan/ros2_web_monitoring/ros2_ws/install/dashboard_bridge/share/dashboard_bridge/hook/ament_prefix_path.sh'
[1.066s] INFO:colcon.colcon_core.shell:Skip shell extension 'powershell' for command environment: Not usable outside of PowerShell
[1.066s] DEBUG:colcon.colcon_core.shell:Skip shell extension 'dsv' for command environment
[2.651s] INFO:colcon.colcon_core.task.python.build:Building Python package in '/home/albihan/ros2_web_monitoring/ros2_ws/src/dashboard_bridge'
[2.652s] INFO:colcon.colcon_core.shell:Skip shell extension 'powershell' for command environment: Not usable outside of PowerShell
[2.652s] DEBUG:colcon.colcon_core.shell:Skip shell extension 'dsv' for command environment
[8.024s] DEBUG:colcon.colcon_core.event_handler.log_command:Invoking command in '/home/albihan/ros2_web_monitoring/ros2_ws/src/dashboard_bridge': DEBUGINFOD_URLS=https://debuginfod.ubuntu.com PYTHONPATH=/home/albihan/ros2_web_monitoring/ros2_ws/build/dashboard_bridge/prefix_override:/usr/lib/python3/dist-packages/colcon_core/task/python/colcon_distutils_commands:/home/albihan/ros2_web_monitoring/ros2_ws/install/dashboard_bridge/lib/python3.12/site-packages:${PYTHONPATH} /usr/bin/python3 -W ignore:setup.py install is deprecated -W ignore:easy_install command is deprecated setup.py egg_info --egg-base ../../build/dashboard_bridge build --build-base /home/albihan/ros2_web_monitoring/ros2_ws/build/dashboard_bridge/build install --record /home/albihan/ros2_web_monitoring/ros2_ws/build/dashboard_bridge/install.log --single-version-externally-managed install_data
[12.521s] DEBUG:colcon.colcon_core.event_handler.log_command:Invoked command in '/home/albihan/ros2_web_monitoring/ros2_ws/src/dashboard_bridge' returned '0': DEBUGINFOD_URLS=https://debuginfod.ubuntu.com PYTHONPATH=/home/albihan/ros2_web_monitoring/ros2_ws/build/dashboard_bridge/prefix_override:/usr/lib/python3/dist-packages/colcon_core/task/python/colcon_distutils_commands:/home/albihan/ros2_web_monitoring/ros2_ws/install/dashboard_bridge/lib/python3.12/site-packages:${PYTHONPATH} /usr/bin/python3 -W ignore:setup.py install is deprecated -W ignore:easy_install command is deprecated setup.py egg_info --egg-base ../../build/dashboard_bridge build --build-base /home/albihan/ros2_web_monitoring/ros2_ws/build/dashboard_bridge/build install --record /home/albihan/ros2_web_monitoring/ros2_ws/build/dashboard_bridge/install.log --single-version-externally-managed install_data
[12.532s] Level 1:colcon.colcon_core.environment:checking '/home/albihan/ros2_web_monitoring/ros2_ws/install/dashboard_bridge' for CMake module files
[12.536s] Level 1:colcon.colcon_core.environment:checking '/home/albihan/ros2_web_monitoring/ros2_ws/install/dashboard_bridge' for CMake config files
[12.543s] Level 1:colcon.colcon_core.environment:checking '/home/albihan/ros2_web_monitoring/ros2_ws/install/dashboard_bridge/lib'
[12.544s] Level 1:colcon.colcon_core.environment:checking '/home/albihan/ros2_web_monitoring/ros2_ws/install/dashboard_bridge/bin'
[12.544s] Level 1:colcon.colcon_core.environment:checking '/home/albihan/ros2_web_monitoring/ros2_ws/install/dashboard_bridge/lib/pkgconfig/dashboard_bridge.pc'
[12.545s] Level 1:colcon.colcon_core.environment:checking '/home/albihan/ros2_web_monitoring/ros2_ws/install/dashboard_bridge/lib/python3.12/site-packages'
[12.545s] Level 1:colcon.colcon_core.shell:create_environment_hook('dashboard_bridge', 'pythonpath')
[12.546s] INFO:colcon.colcon_core.shell:Creating environment hook '/home/albihan/ros2_web_monitoring/ros2_ws/install/dashboard_bridge/share/dashboard_bridge/hook/pythonpath.ps1'
[12.548s] INFO:colcon.colcon_core.shell:Creating environment descriptor '/home/albihan/ros2_web_monitoring/ros2_ws/install/dashboard_bridge/share/dashboard_bridge/hook/pythonpath.dsv'
[12.550s] INFO:colcon.colcon_core.shell:Creating environment hook '/home/albihan/ros2_web_monitoring/ros2_ws/install/dashboard_bridge/share/dashboard_bridge/hook/pythonpath.sh'
[12.557s] Level 1:colcon.colcon_core.environment:checking '/home/albihan/ros2_web_monitoring/ros2_ws/install/dashboard_bridge/bin'
[12.557s] Level 1:colcon.colcon_core.environment:create_environment_scripts_only(dashboard_bridge)
[12.558s] INFO:colcon.colcon_core.shell:Creating package script '/home/albihan/ros2_web_monitoring/ros2_ws/install/dashboard_bridge/share/dashboard_bridge/package.ps1'
[12.578s] INFO:colcon.colcon_core.shell:Creating package descriptor '/home/albihan/ros2_web_monitoring/ros2_ws/install/dashboard_bridge/share/dashboard_bridge/package.dsv'
[12.582s] INFO:colcon.colcon_core.shell:Creating package script '/home/albihan/ros2_web_monitoring/ros2_ws/install/dashboard_bridge/share/dashboard_bridge/package.sh'
[12.587s] INFO:colcon.colcon_core.shell:Creating package script '/home/albihan/ros2_web_monitoring/ros2_ws/install/dashboard_bridge/share/dashboard_bridge/package.bash'
[12.595s] INFO:colcon.colcon_core.shell:Creating package script '/home/albihan/ros2_web_monitoring/ros2_ws/install/dashboard_bridge/share/dashboard_bridge/package.zsh'
[12.600s] Level 1:colcon.colcon_core.environment:create_file_with_runtime_dependencies(/home/albihan/ros2_web_monitoring/ros2_ws/install/dashboard_bridge/share/colcon-core/packages/dashboard_bridge)
[12.602s] DEBUG:colcon.colcon_parallel_executor.executor.parallel:closing loop
[12.609s] DEBUG:colcon.colcon_parallel_executor.executor.parallel:loop closed
[12.610s] DEBUG:colcon.colcon_parallel_executor.executor.parallel:run_until_complete finished with '0'
[12.610s] DEBUG:colcon.colcon_core.event_reactor:joining thread
[12.650s] INFO:colcon.colcon_core.plugin_system:Skipping extension 'colcon_notification.desktop_notification.terminal_notifier': Not used on non-Darwin systems
[12.651s] INFO:colcon.colcon_core.plugin_system:Skipping extension 'colcon_notification.desktop_notification.win32': Not used on non-Windows systems
[12.651s] INFO:colcon.colcon_notification.desktop_notification:Sending desktop notification using 'notify2'
[12.768s] DEBUG:colcon.colcon_core.event_reactor:joined thread
[12.769s] INFO:colcon.colcon_core.shell:Creating prefix script '/home/albihan/ros2_web_monitoring/ros2_ws/install/local_setup.ps1'
[12.776s] INFO:colcon.colcon_core.shell:Creating prefix util module '/home/albihan/ros2_web_monitoring/ros2_ws/install/_local_setup_util_ps1.py'
[12.784s] INFO:colcon.colcon_core.shell:Creating prefix chain script '/home/albihan/ros2_web_monitoring/ros2_ws/install/setup.ps1'
[12.786s] INFO:colcon.colcon_core.shell:Creating prefix script '/home/albihan/ros2_web_monitoring/ros2_ws/install/local_setup.sh'
[12.788s] INFO:colcon.colcon_core.shell:Creating prefix util module '/home/albihan/ros2_web_monitoring/ros2_ws/install/_local_setup_util_sh.py'
[12.790s] INFO:colcon.colcon_core.shell:Creating prefix chain script '/home/albihan/ros2_web_monitoring/ros2_ws/install/setup.sh'
[12.793s] INFO:colcon.colcon_core.shell:Creating prefix script '/home/albihan/ros2_web_monitoring/ros2_ws/install/local_setup.bash'
[12.795s] INFO:colcon.colcon_core.shell:Creating prefix chain script '/home/albihan/ros2_web_monitoring/ros2_ws/install/setup.bash'
[12.798s] INFO:colcon.colcon_core.shell:Creating prefix script '/home/albihan/ros2_web_monitoring/ros2_ws/install/local_setup.zsh'
[12.799s] INFO:colcon.colcon_core.shell:Creating prefix chain script '/home/albihan/ros2_web_monitoring/ros2_ws/install/setup.zsh'
