running egg_info
creating ../../build/dashboard_bridge/dashboard_bridge.egg-info
writing ../../build/dashboard_bridge/dashboard_bridge.egg-info/PKG-INFO
writing dependency_links to ../../build/dashboard_bridge/dashboard_bridge.egg-info/dependency_links.txt
writing entry points to ../../build/dashboard_bridge/dashboard_bridge.egg-info/entry_points.txt
writing requirements to ../../build/dashboard_bridge/dashboard_bridge.egg-info/requires.txt
writing top-level names to ../../build/dashboard_bridge/dashboard_bridge.egg-info/top_level.txt
writing manifest file '../../build/dashboard_bridge/dashboard_bridge.egg-info/SOURCES.txt'
reading manifest file '../../build/dashboard_bridge/dashboard_bridge.egg-info/SOURCES.txt'
writing manifest file '../../build/dashboard_bridge/dashboard_bridge.egg-info/SOURCES.txt'
running build
running build_py
creating /home/albihan/ros2_web_monitoring/ros2_ws/build/dashboard_bridge/build
creating /home/albihan/ros2_web_monitoring/ros2_ws/build/dashboard_bridge/build/lib
creating /home/albihan/ros2_web_monitoring/ros2_ws/build/dashboard_bridge/build/lib/dashboard_bridge
copying dashboard_bridge/event_bridge.py -> /home/albihan/ros2_web_monitoring/ros2_ws/build/dashboard_bridge/build/lib/dashboard_bridge
copying dashboard_bridge/__init__.py -> /home/albihan/ros2_web_monitoring/ros2_ws/build/dashboard_bridge/build/lib/dashboard_bridge
running install
running install_lib
creating /home/albihan/ros2_web_monitoring/ros2_ws/install/dashboard_bridge/lib/python3.12/site-packages/dashboard_bridge
copying /home/albihan/ros2_web_monitoring/ros2_ws/build/dashboard_bridge/build/lib/dashboard_bridge/event_bridge.py -> /home/albihan/ros2_web_monitoring/ros2_ws/install/dashboard_bridge/lib/python3.12/site-packages/dashboard_bridge
copying /home/albihan/ros2_web_monitoring/ros2_ws/build/dashboard_bridge/build/lib/dashboard_bridge/__init__.py -> /home/albihan/ros2_web_monitoring/ros2_ws/install/dashboard_bridge/lib/python3.12/site-packages/dashboard_bridge
byte-compiling /home/albihan/ros2_web_monitoring/ros2_ws/install/dashboard_bridge/lib/python3.12/site-packages/dashboard_bridge/event_bridge.py to event_bridge.cpython-312.pyc
byte-compiling /home/albihan/ros2_web_monitoring/ros2_ws/install/dashboard_bridge/lib/python3.12/site-packages/dashboard_bridge/__init__.py to __init__.cpython-312.pyc
running install_data
creating /home/albihan/ros2_web_monitoring/ros2_ws/install/dashboard_bridge/share/ament_index
creating /home/albihan/ros2_web_monitoring/ros2_ws/install/dashboard_bridge/share/ament_index/resource_index
creating /home/albihan/ros2_web_monitoring/ros2_ws/install/dashboard_bridge/share/ament_index/resource_index/packages
copying resource/dashboard_bridge -> /home/albihan/ros2_web_monitoring/ros2_ws/install/dashboard_bridge/share/ament_index/resource_index/packages
copying package.xml -> /home/albihan/ros2_web_monitoring/ros2_ws/install/dashboard_bridge/share/dashboard_bridge
creating /home/albihan/ros2_web_monitoring/ros2_ws/install/dashboard_bridge/share/dashboard_bridge/launch
copying launch/dashboard.launch.py -> /home/albihan/ros2_web_monitoring/ros2_ws/install/dashboard_bridge/share/dashboard_bridge/launch
running install_egg_info
Copying ../../build/dashboard_bridge/dashboard_bridge.egg-info to /home/albihan/ros2_web_monitoring/ros2_ws/install/dashboard_bridge/lib/python3.12/site-packages/dashboard_bridge-0.0.0-py3.12.egg-info
running install_scripts
Installing event_bridge script to /home/albihan/ros2_web_monitoring/ros2_ws/install/dashboard_bridge/lib/dashboard_bridge
writing list of installed files to '/home/albihan/ros2_web_monitoring/ros2_ws/build/dashboard_bridge/install.log'
