[6.973s] Invoking command in '/home/albihan/ros2_web_monitoring/ros2_ws/src/dashboard_bridge': DEBUGINFOD_URLS=https://debuginfod.ubuntu.com PYTHONPATH=/home/albihan/ros2_web_monitoring/ros2_ws/build/dashboard_bridge/prefix_override:/usr/lib/python3/dist-packages/colcon_core/task/python/colcon_distutils_commands:/home/albihan/ros2_web_monitoring/ros2_ws/install/dashboard_bridge/lib/python3.12/site-packages:${PYTHONPATH} /usr/bin/python3 -W ignore:setup.py install is deprecated -W ignore:easy_install command is deprecated setup.py egg_info --egg-base ../../build/dashboard_bridge build --build-base /home/albihan/ros2_web_monitoring/ros2_ws/build/dashboard_bridge/build install --record /home/albihan/ros2_web_monitoring/ros2_ws/build/dashboard_bridge/install.log --single-version-externally-managed install_data
[9.111s] running egg_info
[9.113s] creating ../../build/dashboard_bridge/dashboard_bridge.egg-info
[9.270s] writing ../../build/dashboard_bridge/dashboard_bridge.egg-info/PKG-INFO
[9.270s] writing dependency_links to ../../build/dashboard_bridge/dashboard_bridge.egg-info/dependency_links.txt
[9.271s] writing entry points to ../../build/dashboard_bridge/dashboard_bridge.egg-info/entry_points.txt
[9.276s] writing requirements to ../../build/dashboard_bridge/dashboard_bridge.egg-info/requires.txt
[9.279s] writing top-level names to ../../build/dashboard_bridge/dashboard_bridge.egg-info/top_level.txt
[9.279s] writing manifest file '../../build/dashboard_bridge/dashboard_bridge.egg-info/SOURCES.txt'
[9.695s] reading manifest file '../../build/dashboard_bridge/dashboard_bridge.egg-info/SOURCES.txt'
[9.703s] writing manifest file '../../build/dashboard_bridge/dashboard_bridge.egg-info/SOURCES.txt'
[9.709s] running build
[9.709s] running build_py
[9.716s] creating /home/albihan/ros2_web_monitoring/ros2_ws/build/dashboard_bridge/build
[9.720s] creating /home/albihan/ros2_web_monitoring/ros2_ws/build/dashboard_bridge/build/lib
[9.721s] creating /home/albihan/ros2_web_monitoring/ros2_ws/build/dashboard_bridge/build/lib/dashboard_bridge
[9.724s] copying dashboard_bridge/event_bridge.py -> /home/albihan/ros2_web_monitoring/ros2_ws/build/dashboard_bridge/build/lib/dashboard_bridge
[9.726s] copying dashboard_bridge/__init__.py -> /home/albihan/ros2_web_monitoring/ros2_ws/build/dashboard_bridge/build/lib/dashboard_bridge
[9.728s] running install
[9.764s] running install_lib
[9.930s] creating /home/albihan/ros2_web_monitoring/ros2_ws/install/dashboard_bridge/lib/python3.12/site-packages/dashboard_bridge
[9.930s] copying /home/albihan/ros2_web_monitoring/ros2_ws/build/dashboard_bridge/build/lib/dashboard_bridge/event_bridge.py -> /home/albihan/ros2_web_monitoring/ros2_ws/install/dashboard_bridge/lib/python3.12/site-packages/dashboard_bridge
[9.933s] copying /home/albihan/ros2_web_monitoring/ros2_ws/build/dashboard_bridge/build/lib/dashboard_bridge/__init__.py -> /home/albihan/ros2_web_monitoring/ros2_ws/install/dashboard_bridge/lib/python3.12/site-packages/dashboard_bridge
[9.939s] byte-compiling /home/albihan/ros2_web_monitoring/ros2_ws/install/dashboard_bridge/lib/python3.12/site-packages/dashboard_bridge/event_bridge.py to event_bridge.cpython-312.pyc
[9.944s] byte-compiling /home/albihan/ros2_web_monitoring/ros2_ws/install/dashboard_bridge/lib/python3.12/site-packages/dashboard_bridge/__init__.py to __init__.cpython-312.pyc
[9.949s] running install_data
[9.949s] creating /home/albihan/ros2_web_monitoring/ros2_ws/install/dashboard_bridge/share/ament_index
[9.949s] creating /home/albihan/ros2_web_monitoring/ros2_ws/install/dashboard_bridge/share/ament_index/resource_index
[9.949s] creating /home/albihan/ros2_web_monitoring/ros2_ws/install/dashboard_bridge/share/ament_index/resource_index/packages
[9.950s] copying resource/dashboard_bridge -> /home/albihan/ros2_web_monitoring/ros2_ws/install/dashboard_bridge/share/ament_index/resource_index/packages
[9.950s] copying package.xml -> /home/albihan/ros2_web_monitoring/ros2_ws/install/dashboard_bridge/share/dashboard_bridge
[9.952s] creating /home/albihan/ros2_web_monitoring/ros2_ws/install/dashboard_bridge/share/dashboard_bridge/launch
[9.954s] copying launch/dashboard.launch.py -> /home/albihan/ros2_web_monitoring/ros2_ws/install/dashboard_bridge/share/dashboard_bridge/launch
[9.955s] running install_egg_info
[10.112s] Copying ../../build/dashboard_bridge/dashboard_bridge.egg-info to /home/albihan/ros2_web_monitoring/ros2_ws/install/dashboard_bridge/lib/python3.12/site-packages/dashboard_bridge-0.0.0-py3.12.egg-info
[10.122s] running install_scripts
[11.186s] Installing event_bridge script to /home/albihan/ros2_web_monitoring/ros2_ws/install/dashboard_bridge/lib/dashboard_bridge
[11.190s] writing list of installed files to '/home/albihan/ros2_web_monitoring/ros2_ws/build/dashboard_bridge/install.log'
[11.470s] Invoked command in '/home/albihan/ros2_web_monitoring/ros2_ws/src/dashboard_bridge' returned '0': DEBUGINFOD_URLS=https://debuginfod.ubuntu.com PYTHONPATH=/home/albihan/ros2_web_monitoring/ros2_ws/build/dashboard_bridge/prefix_override:/usr/lib/python3/dist-packages/colcon_core/task/python/colcon_distutils_commands:/home/albihan/ros2_web_monitoring/ros2_ws/install/dashboard_bridge/lib/python3.12/site-packages:${PYTHONPATH} /usr/bin/python3 -W ignore:setup.py install is deprecated -W ignore:easy_install command is deprecated setup.py egg_info --egg-base ../../build/dashboard_bridge build --build-base /home/albihan/ros2_web_monitoring/ros2_ws/build/dashboard_bridge/build install --record /home/albihan/ros2_web_monitoring/ros2_ws/build/dashboard_bridge/install.log --single-version-externally-managed install_data
